c:\users\phili\desktop\semester 6.0\game3111 - advanced graphics\directx\directx-baseproject\solution\x64\debug\vc143.pdb
c:\users\phili\desktop\semester 6.0\game3111 - advanced graphics\directx\directx-baseproject\solution\x64\debug\vc143.idb
c:\users\phili\desktop\semester 6.0\game3111 - advanced graphics\directx\directx-baseproject\solution\x64\debug\mathhelper.obj
c:\users\phili\desktop\semester 6.0\game3111 - advanced graphics\directx\directx-baseproject\solution\x64\debug\geometrygenerator.obj
c:\users\phili\desktop\semester 6.0\game3111 - advanced graphics\directx\directx-baseproject\solution\x64\debug\gametimer.obj
c:\users\phili\desktop\semester 6.0\game3111 - advanced graphics\directx\directx-baseproject\solution\x64\debug\ddstextureloader.obj
c:\users\phili\desktop\semester 6.0\game3111 - advanced graphics\directx\directx-baseproject\solution\x64\debug\d3dutil.obj
c:\users\phili\desktop\semester 6.0\game3111 - advanced graphics\directx\directx-baseproject\solution\x64\debug\d3dapp.obj
c:\users\phili\desktop\semester 6.0\game3111 - advanced graphics\directx\directx-baseproject\solution\x64\debug\camera.obj
c:\users\phili\desktop\semester 6.0\game3111 - advanced graphics\directx\directx-baseproject\solution\x64\debug\triangle7-box.obj
c:\users\phili\desktop\semester 6.0\game3111 - advanced graphics\directx\game3111-a1-philiphenderson\solution\x64\debug\vc143.pdb
c:\users\phili\desktop\semester 6.0\game3111 - advanced graphics\directx\game3111-a1-philiphenderson\solution\x64\debug\vc143.idb
c:\users\phili\desktop\semester 6.0\game3111 - advanced graphics\directx\game3111-a1-philiphenderson\solution\x64\debug\d3dapp.obj
c:\users\phili\desktop\semester 6.0\game3111 - advanced graphics\directx\game3111-a1-philiphenderson\solution\x64\debug\multisampling.obj
c:\users\phili\desktop\semester 6.0\game3111 - advanced graphics\directx\game3111-a1-philiphenderson\x64\debug\ps.cso
c:\users\phili\desktop\semester 6.0\game3111 - advanced graphics\directx\game3111-a1-philiphenderson\x64\debug\vs.cso
c:\users\phili\desktop\semester 6.0\game3111 - advanced graphics\directx\directx-baseproject\x64\debug\project.exe
c:\users\phili\desktop\semester 6.0\game3111 - advanced graphics\directx\directx-baseproject\solution\x64\debug\project.ilk
c:\users\phili\desktop\semester 6.0\game3111 - advanced graphics\directx\directx-baseproject\x64\debug\project.pdb
c:\users\phili\desktop\semester 6.0\game3111 - advanced graphics\directx\game3111-a1-philiphenderson\x64\debug\project.exe
c:\users\phili\desktop\semester 6.0\game3111 - advanced graphics\directx\game3111-a1-philiphenderson\solution\x64\debug\project.ilk
c:\users\phili\desktop\semester 6.0\game3111 - advanced graphics\directx\game3111-a1-philiphenderson\x64\debug\project.pdb
c:\users\phili\desktop\semester 6.0\game3111 - advanced graphics\directx\game3111-a1-philiphenderson\solution\x64\debug\camera.obj
c:\users\phili\desktop\semester 6.0\game3111 - advanced graphics\directx\game3111-a1-philiphenderson\solution\x64\debug\d3dutil.obj
c:\users\phili\desktop\semester 6.0\game3111 - advanced graphics\directx\game3111-a1-philiphenderson\solution\x64\debug\ddstextureloader.obj
c:\users\phili\desktop\semester 6.0\game3111 - advanced graphics\directx\game3111-a1-philiphenderson\solution\x64\debug\gametimer.obj
c:\users\phili\desktop\semester 6.0\game3111 - advanced graphics\directx\game3111-a1-philiphenderson\solution\x64\debug\geometrygenerator.obj
c:\users\phili\desktop\semester 6.0\game3111 - advanced graphics\directx\game3111-a1-philiphenderson\solution\x64\debug\mathhelper.obj
c:\users\phili\desktop\semester 6.0\game3111 - advanced graphics\directx\game3111-a1-philiphenderson\solution\x64\debug\triangle7-box.obj
c:\users\phili\desktop\semester 6.0\game3111 - advanced graphics\directx\game3111-a1-philiphenderson\solution\x64\debug\d3dutil.obj.enc
c:\users\phili\desktop\semester 6.0\game3111 - advanced graphics\directx\game3111-a1-philiphenderson\solution\x64\debug\project.tlog\cl.command.1.tlog
c:\users\phili\desktop\semester 6.0\game3111 - advanced graphics\directx\game3111-a1-philiphenderson\solution\x64\debug\project.tlog\cl.read.1.tlog
c:\users\phili\desktop\semester 6.0\game3111 - advanced graphics\directx\game3111-a1-philiphenderson\solution\x64\debug\project.tlog\cl.write.1.tlog
c:\users\phili\desktop\semester 6.0\game3111 - advanced graphics\directx\game3111-a1-philiphenderson\solution\x64\debug\project.tlog\fxc.command.1.tlog
c:\users\phili\desktop\semester 6.0\game3111 - advanced graphics\directx\game3111-a1-philiphenderson\solution\x64\debug\project.tlog\fxc.read.1.tlog
c:\users\phili\desktop\semester 6.0\game3111 - advanced graphics\directx\game3111-a1-philiphenderson\solution\x64\debug\project.tlog\fxc.write.1.tlog
c:\users\phili\desktop\semester 6.0\game3111 - advanced graphics\directx\game3111-a1-philiphenderson\solution\x64\debug\project.tlog\link.command.1.tlog
c:\users\phili\desktop\semester 6.0\game3111 - advanced graphics\directx\game3111-a1-philiphenderson\solution\x64\debug\project.tlog\link.read.1.tlog
c:\users\phili\desktop\semester 6.0\game3111 - advanced graphics\directx\game3111-a1-philiphenderson\solution\x64\debug\project.tlog\link.write.1.tlog
